09:37:18 - 2022:04:06 - Output for Device [primary-host1 - 10.67.28.164] 
-------------------------------------------------------------------------





Building configuration...



Current configuration : 7367 bytes

!

! Last configuration change at 23:17:39 AEST Tue Nov 30 2021

! NVRAM config last updated at 15:46:37 AEST Tue Jan 11 2022

!

version 17.3

service timestamps debug datetime msec

service timestamps log datetime msec

service call-home

platform qfp utilization monitor load 80

platform punt-keepalive disable-kernel-core

platform console virtual

platform hardware throughput level MB 2500 

!

hostname panda_csr

!

boot-start-marker

boot-end-marker

!

!

enable secret 9 $9$Cee5KnPQWruV5E$k.zBGL97IkEITXjpz9og.h5FW1dclmJr5pTpU4AX6eM

!

no aaa new-model

clock timezone AEST 10 0

clock summer-time AEST recurring 1 Sun Oct 2:00 1 Sun Apr 2:00

!

!

!

!

!

!

!

ip name-server 64.104.200.248 10.67.16.191

!

!

!

login on-success log

!

!

!

!

!

!

!

subscriber templating

! 

! 

! 

! 

!

!

multilink bundle-name authenticated

!

!

!

!

!

!

!

!

!

!

!

!

!

!

!

crypto pki trustpoint TP-self-signed-3343088386

 enrollment selfsigned

 subject-name cn=IOS-Self-Signed-Certificate-3343088386

 revocation-check none

 rsakeypair TP-self-signed-3343088386

!

crypto pki trustpoint SLA-TrustPoint

 enrollment terminal

 revocation-check crl

!

!

crypto pki certificate chain TP-self-signed-3343088386

 certificate self-signed 01

  30820330 30820218 A0030201 02020101 300D0609 2A864886 F70D0101 05050030 

  31312F30 2D060355 04031326 494F532D 53656C66 2D536967 6E65642D 43657274 

  69666963 6174652D 33333433 30383833 3836301E 170D3231 30373135 30333233 

  32355A17 0D333130 37313530 33323332 355A3031 312F302D 06035504 03132649 

  4F532D53 656C662D 5369676E 65642D43 65727469 66696361 74652D33 33343330 

  38383338 36308201 22300D06 092A8648 86F70D01 01010500 0382010F 00308201 

  0A028201 01009189 FA9CBBD3 B10A07A7 E4A5F1DF 0699637B D0D6BC63 C6668A16 

  7146ABCF 09C5FB1D 84CF3613 FDE28B7C F3692F53 CABCAAF2 5D4F5126 B7360C0F 

  FD4F06C3 FBC0665A 32774A8F A308FE5B EB142755 494E02F3 A0A28AC8 A5C2664B 

  28A69C70 66E4ACE5 0C79176B 2C74A569 5C1CFCA3 2D7D29B7 EB647E4C 29732116 

  08EB9248 BF88652B 2FDC4C63 84505417 1A4C4A67 584182BD 0EB41DA6 AE2923A3 

  9B107C16 F020F59F 0F790AE1 05B1CA71 46B541E8 48854358 338DFEAF 1A8E78F7 

  02B5BAB0 97607A52 6F949EE9 6E8BB38A 7D9D5276 9F3F1172 C4508E2F 83F692DD 

  4234F1FE 122D75C4 C0CB7D26 A84035C3 C553FBD2 7419EE44 B0A15810 4EFE4C85 

  43E6AD23 D7B10203 010001A3 53305130 0F060355 1D130101 FF040530 030101FF 

  301F0603 551D2304 18301680 14A14AF6 446F7281 D16C964B CED7AFB4 6C1E8A02 

  93301D06 03551D0E 04160414 A14AF644 6F7281D1 6C964BCE D7AFB46C 1E8A0293 

  300D0609 2A864886 F70D0101 05050003 82010100 89ABE8CC 37D471E9 001CD771 

  9BA9A8F7 BACF9D58 D14B8159 C98FA686 348A771D 0B2BD088 A54E4466 D6B45AFA 

  39E01756 8045656D 50D2A95D 9A3A2295 858D520F 09793B40 12F55BB5 3885AB4B 

  74C0844C BF1DE2E9 8D8C66E9 416F5AA2 2C9FAFC7 8A45174F 59B2358F 8516CC12 

  B172033E 420C0435 F88C9E80 036C5374 0B7DB287 CBA58076 A7C0D87D D8DB8091 

  F41549CF 9D826CA7 383B3F61 D6410949 6681A092 52906512 FE138C0D 28D15733 

  6B2A2F5C 1016A502 B19D5C8D 25AF40D0 0CC1B91C EEE813AD 965583E7 E5D5E192 

  163A867E 8A91A65A 8C5FD3D7 4E3BE613 5EBC8AF0 E4B49300 7321D16C E27A5268 

  E659ABFA 5C8CF008 99F2BA0E E8B174CE C034159F

  	quit

crypto pki certificate chain SLA-TrustPoint

 certificate ca 01

  30820321 30820209 A0030201 02020101 300D0609 2A864886 F70D0101 0B050030 

  32310E30 0C060355 040A1305 43697363 6F312030 1E060355 04031317 43697363 

  6F204C69 63656E73 696E6720 526F6F74 20434130 1E170D31 33303533 30313934 

  3834375A 170D3338 30353330 31393438 34375A30 32310E30 0C060355 040A1305 

  43697363 6F312030 1E060355 04031317 43697363 6F204C69 63656E73 696E6720 

  526F6F74 20434130 82012230 0D06092A 864886F7 0D010101 05000382 010F0030 

  82010A02 82010100 A6BCBD96 131E05F7 145EA72C 2CD686E6 17222EA1 F1EFF64D 

  CBB4C798 212AA147 C655D8D7 9471380D 8711441E 1AAF071A 9CAE6388 8A38E520 

  1C394D78 462EF239 C659F715 B98C0A59 5BBB5CBD 0CFEBEA3 700A8BF7 D8F256EE 

  4AA4E80D DB6FD1C9 60B1FD18 FFC69C96 6FA68957 A2617DE7 104FDC5F EA2956AC 

  7390A3EB 2B5436AD C847A2C5 DAB553EB 69A9A535 58E9F3E3 C0BD23CF 58BD7188 

  68E69491 20F320E7 948E71D7 AE3BCC84 F10684C7 4BC8E00F 539BA42B 42C68BB7 

  C7479096 B4CB2D62 EA2F505D C7B062A4 6811D95B E8250FC4 5D5D5FB8 8F27D191 

  C55F0D76 61F9A4CD 3D992327 A8BB03BD 4E6D7069 7CBADF8B DF5F4368 95135E44 

  DFC7C6CF 04DD7FD1 02030100 01A34230 40300E06 03551D0F 0101FF04 04030201 

  06300F06 03551D13 0101FF04 05300301 01FF301D 0603551D 0E041604 1449DC85 

  4B3D31E5 1B3E6A17 606AF333 3D3B4C73 E8300D06 092A8648 86F70D01 010B0500 

  03820101 00507F24 D3932A66 86025D9F E838AE5C 6D4DF6B0 49631C78 240DA905 

  604EDCDE FF4FED2B 77FC460E CD636FDB DD44681E 3A5673AB 9093D3B1 6C9E3D8B 

  D98987BF E40CBD9E 1AECA0C2 2189BB5C 8FA85686 CD98B646 5575B146 8DFC66A8 

  467A3DF4 4D565700 6ADF0F0D CF835015 3C04FF7C 21E878AC 11BA9CD2 55A9232C 

  7CA7B7E6 C1AF74F6 152E99B7 B1FCF9BB E973DE7F 5BDDEB86 C71E3B49 1765308B 

  5FB0DA06 B92AFE7F 494E8A9E 07B85737 F3A58BE1 1A48A229 C37C1E69 39F08678 

  80DDCD16 D6BACECA EEBC7CF9 8428787B 35202CDC 60E4616A B623CDBD 230E3AFB 

  418616A9 4093E049 4D10AB75 27E86F73 932E35B5 8862FDAE 0275156F 719BB2F0 

  D697DF7F 28

  	quit

!

crypto pki certificate pool

 cabundle nvram:ios_core.p7b

!

license udi pid CSR1000V sn 9P4M3IFZ2JN

license boot level ax

diagnostic bootup level minimal

memory free low-watermark processor 71497

!

!

spanning-tree extend system-id

!

username admin privilege 15 secret 9 $9$EJJW7xJPnKRxG.$/lMAScGbeRILucLvb301SpCb6dZR6yg2K9wOG59JOdo

!

redundancy

!

!

!

!

!

!

!

! 

!

!

!

!

!

!

!

!

!

!

!

!

!

! 

! 

!

!

interface GigabitEthernet1

 ip address dhcp

 ip nat outside

 negotiation auto

 no mop enabled

 no mop sysid

!

interface GigabitEthernet2

 description lab_mgmt_192.168.199.0/24

 ip address 192.168.199.254 255.255.255.0

 ip nat inside

 negotiation auto

 no mop enabled

 no mop sysid

!

interface GigabitEthernet3

 description lab_dcnm_inb_192.168.198

 ip address 192.168.198.254 255.255.255.0

 ip nat inside

 negotiation auto

 no mop enabled

 no mop sysid

!

ip forward-protocol nd

ip http server

ip http authentication local

ip http secure-server

!

ip nat inside source static tcp 192.168.199.200 636 interface GigabitEthernet1 636

ip nat inside source static tcp 192.168.199.200 389 interface GigabitEthernet1 389

ip nat inside source static tcp 192.168.199.51 22 interface GigabitEthernet1 122

ip nat inside source static tcp 192.168.199.200 3389 interface GigabitEthernet1 3389

ip nat inside source static tcp 192.168.199.150 443 interface GigabitEthernet1 8443

ip nat inside source static tcp 192.168.199.150 22 interface GigabitEthernet1 8222

ip nat inside source list MGMT_192.168.199.0 interface GigabitEthernet1 overload

ip route 0.0.0.0 0.0.0.0 10.67.28.129

ip ssh rsa keypair-name ssh-key

ip ssh version 2

ip scp server enable

!

ip access-list standard MGMT_192.168.199.0

 10 permit 192.168.199.0 0.0.0.255

!

!

!

!

!

!

!

control-plane

!

!

!

!

!

!

line con 0

 privilege level 15

 login local

 stopbits 1

line vty 0 4

 login local

 transport input ssh

!

call-home

 ! If contact email address in call-home is configured as sch-smart-licensing@cisco.com

 ! the email address configured in Cisco Smart License Portal will be used as contact email address to send SCH notifications.

 contact-email-addr sch-smart-licensing@cisco.com

 profile "CiscoTAC-1"

  active

  destination transport-method http

ntp source GigabitEthernet1

ntp master 5

ntp server ntp.esl.cisco.com

!

!

!

!

!

end

